<?xml version="1.0" encoding="UTF-8"?>
<testsuite name="Portal empleos choucair" tests="1" skipped="0" failures="1" errors="0" timestamp="2021-06-04T14:41:50" hostname="DESKTOP-S2IR0CO" time="15.632">
  <properties/>
  <testcase name="Busqueda exitosa empleo choucair" classname="Portal empleos choucair" time="15.632">
    <failure message="org.openqa.selenium.ElementClickInterceptedException: element click intercepted: Element &lt;span class=&quot;elementor-button-text&quot;&gt;...&lt;/span&gt; is not clickable at point (674, 604). Other element would receive the click: &lt;div id=&quot;cookie-law-info-bar&quot; data-nosnippet=&quot;true&quot; style=&quot;background-color: rgb(255, 255, 255); color: rgb(0, 0, 0); font-family: inherit; bottom: 0px; position: fixed; display: block;&quot;&gt;...&lt;/div&gt;&#10;  (Session info: chrome=90.0.4430.212)&#10;Build info: version: '3.141.59', revision: 'e82be7d358', time: '2018-11-14T08:17:03'&#10;System info: host: 'DESKTOP-S2IR0CO', ip: '192.168.20.20', os.name: 'Windows 10', os.arch: 'amd64', os.version: '10.0', java.version: '1.8.0_282'&#10;Driver info: org.openqa.selenium.chrome.ChromeDriver&#10;Capabilities {acceptInsecureCerts: false, browserName: chrome, browserVersion: 90.0.4430.212, chrome: {chromedriverVersion: 90.0.4430.24 (4c6d850f087da..., userDataDir: C:\Users\VERGAR~1\AppData\L...}, goog:chromeOptions: {debuggerAddress: localhost:56134}, javascriptEnabled: true, networkConnectionEnabled: false, pageLoadStrategy: normal, platform: WINDOWS, platformName: WINDOWS, proxy: Proxy(), setWindowRect: true, strictFileInteractability: false, timeouts: {implicit: 0, pageLoad: 300000, script: 30000}, unhandledPromptBehavior: dismiss and notify, webauthn:extension:largeBlob: true, webauthn:virtualAuthenticators: true}&#10;Session ID: 8f409963b6cf27c0bf1bc2b22d22be22" type="org.openqa.selenium.ElementClickInterceptedException">org.openqa.selenium.ElementClickInterceptedException: element click intercepted: Element &lt;span class=&quot;elementor-button-text&quot;&gt;...&lt;/span&gt; is not clickable at point (674, 604). Other element would receive the click: &lt;div id=&quot;cookie-law-info-bar&quot; data-nosnippet=&quot;true&quot; style=&quot;background-color: rgb(255, 255, 255); color: rgb(0, 0, 0); font-family: inherit; bottom: 0px; position: fixed; display: block;&quot;&gt;...&lt;/div&gt;
  (Session info: chrome=90.0.4430.212)
Build info: version: '3.141.59', revision: 'e82be7d358', time: '2018-11-14T08:17:03'
System info: host: 'DESKTOP-S2IR0CO', ip: '192.168.20.20', os.name: 'Windows 10', os.arch: 'amd64', os.version: '10.0', java.version: '1.8.0_282'
Driver info: org.openqa.selenium.chrome.ChromeDriver
Capabilities {acceptInsecureCerts: false, browserName: chrome, browserVersion: 90.0.4430.212, chrome: {chromedriverVersion: 90.0.4430.24 (4c6d850f087da..., userDataDir: C:\Users\VERGAR~1\AppData\L...}, goog:chromeOptions: {debuggerAddress: localhost:56134}, javascriptEnabled: true, networkConnectionEnabled: false, pageLoadStrategy: normal, platform: WINDOWS, platformName: WINDOWS, proxy: Proxy(), setWindowRect: true, strictFileInteractability: false, timeouts: {implicit: 0, pageLoad: 300000, script: 30000}, unhandledPromptBehavior: dismiss and notify, webauthn:extension:largeBlob: true, webauthn:virtualAuthenticators: true}
Session ID: 8f409963b6cf27c0bf1bc2b22d22be22
	at sun.reflect.NativeConstructorAccessorImpl.newInstance0(Native Method)
	at sun.reflect.NativeConstructorAccessorImpl.newInstance(NativeConstructorAccessorImpl.java:62)
	at sun.reflect.DelegatingConstructorAccessorImpl.newInstance(DelegatingConstructorAccessorImpl.java:45)
	at java.lang.reflect.Constructor.newInstance(Constructor.java:423)
	at org.openqa.selenium.remote.http.W3CHttpResponseCodec.createException(W3CHttpResponseCodec.java:187)
	at org.openqa.selenium.remote.http.W3CHttpResponseCodec.decode(W3CHttpResponseCodec.java:122)
	at org.openqa.selenium.remote.http.W3CHttpResponseCodec.decode(W3CHttpResponseCodec.java:49)
	at org.openqa.selenium.remote.HttpCommandExecutor.execute(HttpCommandExecutor.java:158)
	at org.openqa.selenium.remote.service.DriverCommandExecutor.execute(DriverCommandExecutor.java:83)
	at org.openqa.selenium.remote.RemoteWebDriver.execute(RemoteWebDriver.java:552)
	at org.openqa.selenium.remote.RemoteWebElement.execute(RemoteWebElement.java:285)
	at org.openqa.selenium.remote.RemoteWebElement.click(RemoteWebElement.java:84)
	at net.serenitybdd.core.pages.WebElementFacadeImpl.click(WebElementFacadeImpl.java:1231)
	at net.serenitybdd.screenplay.actions.ClickOnTarget.performAs(ClickOnTarget.java:13)
	at net.serenitybdd.screenplay.actions.ClickOnTarget$ByteBuddy$w6g13HS4.performAs$accessor$9M9ZHVpU(Unknown Source)
	at sun.reflect.NativeMethodAccessorImpl.invoke0(Native Method)
	at sun.reflect.NativeMethodAccessorImpl.invoke(NativeMethodAccessorImpl.java:62)
	at sun.reflect.DelegatingMethodAccessorImpl.invoke(DelegatingMethodAccessorImpl.java:43)
	at java.lang.reflect.Method.invoke(Method.java:498)
	at net.thucydides.core.steps.StepInterceptor.invokeMethod(StepInterceptor.java:471)
	at net.thucydides.core.steps.StepInterceptor.executeTestStepMethod(StepInterceptor.java:451)
	at net.thucydides.core.steps.StepInterceptor.runTestStep(StepInterceptor.java:424)
	at net.thucydides.core.steps.StepInterceptor.runOrSkipMethod(StepInterceptor.java:180)
	at net.thucydides.core.steps.StepInterceptor.testStepResult(StepInterceptor.java:167)
	at net.thucydides.core.steps.StepInterceptor.intercept(StepInterceptor.java:75)
	at net.serenitybdd.screenplay.actions.ClickOnTarget$ByteBuddy$w6g13HS4.performAs(Unknown Source)
	at net.serenitybdd.screenplay.Actor.performTask(Actor.java:233)
	at net.serenitybdd.screenplay.Actor.perform(Actor.java:214)
	at net.serenitybdd.screenplay.Actor.attemptsTo(Actor.java:171)
	at co.com.proyectobase.screenplay.tasks.IrAlPortaDeEmPleos.performAs(IrAlPortaDeEmPleos.java:18)
	at co.com.proyectobase.screenplay.tasks.IrAlPortaDeEmPleos$ByteBuddy$YGDCSgLs.performAs$accessor$PzwZWUYX(Unknown Source)
	at sun.reflect.NativeMethodAccessorImpl.invoke0(Native Method)
	at sun.reflect.NativeMethodAccessorImpl.invoke(NativeMethodAccessorImpl.java:62)
	at sun.reflect.DelegatingMethodAccessorImpl.invoke(DelegatingMethodAccessorImpl.java:43)
	at java.lang.reflect.Method.invoke(Method.java:498)
	at net.thucydides.core.steps.StepInterceptor.invokeMethod(StepInterceptor.java:471)
	at net.thucydides.core.steps.StepInterceptor.executeTestStepMethod(StepInterceptor.java:451)
	at net.thucydides.core.steps.StepInterceptor.runTestStep(StepInterceptor.java:424)
	at net.thucydides.core.steps.StepInterceptor.runOrSkipMethod(StepInterceptor.java:180)
	at net.thucydides.core.steps.StepInterceptor.testStepResult(StepInterceptor.java:167)
	at net.thucydides.core.steps.StepInterceptor.intercept(StepInterceptor.java:75)
	at co.com.proyectobase.screenplay.tasks.IrAlPortaDeEmPleos$ByteBuddy$YGDCSgLs.performAs(Unknown Source)
	at net.serenitybdd.screenplay.Actor.performTask(Actor.java:233)
	at net.serenitybdd.screenplay.Actor.perform(Actor.java:214)
	at net.serenitybdd.screenplay.Actor.attemptsTo(Actor.java:171)
	at co.com.proyectobase.screenplay.stepdefinitions.BuscarEmpleoChocairStepDefinition.ellaVaALaOpcionIrAlPortalDeEmpleos(BuscarEmpleoChocairStepDefinition.java:31)
	at ✽.ella va a la opcion Ir al portal de empleos(src/test/resources/features/portal_empleos_choucair.feature:13)
</failure>
  </testcase>
  <system-out><![CDATA[]]></system-out>
  <system-err><![CDATA[[Test worker] WARN net.thucydides.core.steps.BaseStepListener - stepStarted: net.thucydides.core.steps.ExecutedStepDescription@6f74d0de
[Test worker] WARN net.thucydides.core.steps.BaseStepListener - stepStarted: net.thucydides.core.steps.ExecutedStepDescription@1d82fa9e
[Test worker] WARN net.thucydides.core.steps.BaseStepListener - stepStarted: net.thucydides.core.steps.ExecutedStepDescription@3358e04e
jun 04, 2021 9:41:51 AM org.openqa.selenium.remote.DesiredCapabilities chrome
INFORMACIÓN: Using `new ChromeOptions()` is preferred to `DesiredCapabilities.chrome()`
[Test worker] INFO net.serenitybdd.core.webdriver.driverproviders.ProvideNewDriver - Instantiating driver
[Test worker] INFO net.serenitybdd.core.webdriver.driverproviders.ProvideNewDriver - Driver capabilities: Capabilities {acceptInsecureCerts: false, browserName: chrome, chrome.switches: --start-maximized, goog:chromeOptions: {args: [--start-maximized], extensions: []}, loggingPrefs: org.openqa.selenium.logging..., platform: ANY, version: }
Starting ChromeDriver 90.0.4430.24 (4c6d850f087da467d926e8eddb76550aed655991-refs/branch-heads/4430@{#429}) on port 36630
Only local connections are allowed.
Please see https://chromedriver.chromium.org/security-considerations for suggestions on keeping ChromeDriver safe.
ChromeDriver was started successfully.
jun 04, 2021 9:41:53 AM org.openqa.selenium.remote.ProtocolHandshake createSession
INFORMACIÓN: Detected dialect: W3C
[Test worker] WARN net.thucydides.core.steps.BaseStepListener - stepFinished: current outcome:Busqueda exitosa empleo choucair:Dado que Arle quiere ingresar al portal de empleos de choucair [Arle abrir [Arle opens the La pagina de inicio]]
[Test worker] WARN net.thucydides.core.steps.BaseStepListener - stepFinished: current outcome:Busqueda exitosa empleo choucair:Dado que Arle quiere ingresar al portal de empleos de choucair [Arle abrir [Arle opens the La pagina de inicio]]
[Test worker] WARN net.thucydides.core.steps.BaseStepListener - stepFinished: current outcome:Busqueda exitosa empleo choucair:Dado que Arle quiere ingresar al portal de empleos de choucair [Arle abrir [Arle opens the La pagina de inicio]]
[Test worker] WARN net.thucydides.core.steps.BaseStepListener - stepStarted: net.thucydides.core.steps.ExecutedStepDescription@769010dd
[Test worker] WARN net.thucydides.core.steps.BaseStepListener - stepStarted: net.thucydides.core.steps.ExecutedStepDescription@2c031118
[Test worker] WARN net.thucydides.core.steps.BaseStepListener - stepStarted: net.thucydides.core.steps.ExecutedStepDescription@325f1382
[Test worker] WARN net.thucydides.core.steps.BaseStepListener - stepFinished: current outcome:Busqueda exitosa empleo choucair:Dado que Arle quiere ingresar al portal de empleos de choucair [Arle abrir [Arle opens the La pagina de inicio]], Y e ingresa a la opcion empleo [Arle abrir la seccion [Arle clicks on Opcion  empleo]]
[Test worker] WARN net.thucydides.core.steps.BaseStepListener - stepFinished: current outcome:Busqueda exitosa empleo choucair:Dado que Arle quiere ingresar al portal de empleos de choucair [Arle abrir [Arle opens the La pagina de inicio]], Y e ingresa a la opcion empleo [Arle abrir la seccion [Arle clicks on Opcion  empleo]]
[Test worker] WARN net.thucydides.core.steps.BaseStepListener - stepFinished: current outcome:Busqueda exitosa empleo choucair:Dado que Arle quiere ingresar al portal de empleos de choucair [Arle abrir [Arle opens the La pagina de inicio]], Y e ingresa a la opcion empleo [Arle abrir la seccion [Arle clicks on Opcion  empleo]]
[Test worker] WARN net.thucydides.core.steps.BaseStepListener - stepStarted: net.thucydides.core.steps.ExecutedStepDescription@364d001d
[Test worker] WARN net.thucydides.core.steps.BaseStepListener - stepStarted: net.thucydides.core.steps.ExecutedStepDescription@2112f863
[Test worker] WARN net.thucydides.core.steps.BaseStepListener - stepStarted: net.thucydides.core.steps.ExecutedStepDescription@70853deb
[Test worker] WARN net.thucydides.core.steps.BaseStepListener - stepStarted: net.thucydides.core.steps.ExecutedStepDescription@222cac12
[Test worker] WARN net.thucydides.core.steps.BaseStepListener - stepStarted: net.thucydides.core.steps.ExecutedStepDescription@68034477
[Test worker] WARN net.thucydides.core.steps.BaseStepListener - testFinished: Busqueda exitosa empleo choucair:Dado que Arle quiere ingresar al portal de empleos de choucair [Arle abrir [Arle opens the La pagina de inicio]], Y e ingresa a la opcion empleo [Arle abrir la seccion [Arle clicks on Opcion  empleo]], Cuando ella va a la opcion Ir al portal de empleos [Arle ir al porta de em pleos [Arle clicks on Opcion Ir al Portal de Empleos]], Y va a Nuestras Vacantes disponibles, Entonces ella verifica que el empleo buscado sea el correcto
[Test worker] WARN net.thucydides.core.steps.BaseStepListener - TestOutcomes: [Busqueda exitosa empleo choucair:Dado que Arle quiere ingresar al portal de empleos de choucair [Arle abrir [Arle opens the La pagina de inicio]], Y e ingresa a la opcion empleo [Arle abrir la seccion [Arle clicks on Opcion  empleo]], Cuando ella va a la opcion Ir al portal de empleos [Arle ir al porta de em pleos [Arle clicks on Opcion Ir al Portal de Empleos]], Y va a Nuestras Vacantes disponibles, Entonces ella verifica que el empleo buscado sea el correcto]
[Test worker] WARN net.thucydides.core.steps.BaseStepListener - Final testOutcomes: [Busqueda exitosa empleo choucair:Dado que Arle quiere ingresar al portal de empleos de choucair [Arle abrir [Arle opens the La pagina de inicio]], Y e ingresa a la opcion empleo [Arle abrir la seccion [Arle clicks on Opcion  empleo]], Cuando ella va a la opcion Ir al portal de empleos [Arle ir al porta de em pleos [Arle clicks on Opcion Ir al Portal de Empleos]], Y va a Nuestras Vacantes disponibles, Entonces ella verifica que el empleo buscado sea el correcto]
[Test worker] ERROR net.thucydides.core.steps.ConsoleLoggingListener - 
           __  _____ _____ ____ _____   _____ _    ___ _     _____ ____  
  _       / / |_   _| ____/ ___|_   _| |  ___/ \  |_ _| |   | ____|  _ \ 
 (_)_____| |    | | |  _| \___ \ | |   | |_ / _ \  | || |   |  _| | | | |
  _|_____| |    | | | |___ ___) || |   |  _/ ___ \ | || |___| |___| |_| |
 (_)     | |    |_| |_____|____/ |_|   |_|/_/   \_\___|_____|_____|____/ 
          \_\                                                            

TEST FAILED WITH ERROR: Busqueda exitosa empleo choucair
---------------------------------------------------------------------
[Test worker] ERROR net.thucydides.core.steps.ConsoleLoggingListener - TEST FAILED AT STEP Arle clicks on Opcion Ir al Portal de Empleos
[Test worker] ERROR net.thucydides.core.steps.ConsoleLoggingListener - element click intercepted: Element <span class="elementor-button-text">...</span> is not clickable at point (674, 604). Other element would receive the click: <div id="cookie-law-info-bar" data-nosnippet="true" style="background-color: rgb(255, 255, 255); color: rgb(0, 0, 0); font-family: inherit; bottom: 0px; position: fixed; display: block;">...</div>
]]></system-err>
</testsuite>
